<?xml version="1.0" encoding="UTF-8"?>
<!-- Generated by org.testng.reporters.JUnitXMLReporter -->
<testsuite ignored="0" hostname="DESKTOP-VS3484C" failures="0" tests="1" name="ChromeTest" time="8.678" errors="0" timestamp="2023-03-30T19:16:09 IST">
  <testcase classname="testNGexecution.ActitimeValidLogin" name="@AfterMethod close" time="0.002">
    <failure type="java.lang.NullPointerException" message="Cannot invoke &amp;quot;org.openqa.selenium.WebDriver.quit()&amp;quot; because &amp;quot;testNGexecution.ActitimeValidLogin.driver&amp;quot; is null">
      <![CDATA[java.lang.NullPointerException: Cannot invoke "org.openqa.selenium.WebDriver.quit()" because "testNGexecution.ActitimeValidLogin.driver" is null
at testNGexecution.ActitimeValidLogin.close(ActitimeValidLogin.java:59)
at java.base/java.util.ArrayList.forEach(ArrayList.java:1511)
at java.base/java.util.concurrent.FutureTask.run(FutureTask.java:264)
at java.base/java.util.concurrent.ThreadPoolExecutor.runWorker(ThreadPoolExecutor.java:1136)
at java.base/java.util.concurrent.ThreadPoolExecutor$Worker.run(ThreadPoolExecutor.java:635)
at java.base/java.lang.Thread.run(Thread.java:833)
... Removed 23 stack frames]]>
    </failure>
  </testcase> <!-- @AfterMethod close -->
  <testcase classname="testNGexecution.ActitimeValidLogin" name="validLogin" time="8.344"/>
</testsuite> <!-- ChromeTest -->
